<?xml version="1.0" encoding="UTF-8"?>
<!-- Generated by org.testng.reporters.JUnitXMLReporter -->
<testsuite hostname="Lenovo" ignored="0" name="Test" tests="6" failures="0" timestamp="03 Jun 2022 04:17:22 GMT" time="73.311" errors="0">
  <testcase name="Test3" time="5.835" classname="org.excel.ExcelClass"/>
  <testcase name="Test" time="23.954" classname="org.excel.adactinHotel"/>
  <testcase name="Test2" time="2.986" classname="org.excel.adactinHotel"/>
  <testcase name="Test1" time="7.594" classname="org.excel.ExcelClass"/>
  <testcase name="testA1" time="6.481" classname="org.excel.A"/>
  <testcase name="Test2" time="6.85" classname="org.excel.ExcelClass"/>
</testsuite> <!-- Test -->
